Unable to capture context for thread 7384 in process 10824, can not generate back trace
Unable to capture context for thread 15368 in process 10824, can not generate back trace
Exception at PC 0x00007FFB4175BB93
Printing stacktrace...

[0]  [0x00007FFB4175BB93]
[1]  [0x00007FFB4175BB93]
[2]  [0x00007FFB4175B4A1]
[3]  [0x00007FFB4175B3EF]
[4]  [0x00007FFB417419FE]
[5]  [0x00007FFB41740ED1]
[6]  [0x00007FFB41740D76]
[7]  [0x00007FFB416E79F6]
[8]  [0x00007FFB416D7AFB]
[9]  [0x00007FFB417FE90A]
[10]  [0x00007FFB41819F87]
[11]  [0x00007FFB4181A05F]
[12] (BaseThreadInitThunk+0x14) [0x00007FFBC4531FE4]
[13] (RtlUserThreadStart+0x21) [0x00007FFBC6ABEF91]
Done
Exception at PC 0x00007FFB41461A52
Attemped to write at address 0x00007FFB821DABA4
Printing stacktrace...

[0]  [0x00007FFB41461A52]
[1]  [0x00007FFB41461A52]
[2]  [0x00007FFB41461AD4]
[3]  [0x00007FFB415A3FF7]
[4]  [0x00007FFB41489128]
[5]  [0x00007FFB4173DFB9]
[6]  [0x00007FFB4190EF23]
[7]  [0x00007FFB4181B06B]
[8]  [0x00007FFB418108AF]
[9]  [0x00007FFB41810A32]
[10] (RtlDeactivateActivationContextUnsafeFast+0x1b3) [0x00007FFBC6A61473]
[11] (LdrShutdownProcess+0x125) [0x00007FFBC6A90695]
[12] (RtlExitUserProcess+0xb4) [0x00007FFBC6A90554]
[13] (ExitProcess+0xa) [0x00007FFBC452F06A]
[14] (exit+0x75) [0x00007FFBC4BC9B25]
[15] (initterm_e+0x21d) [0x00007FFBC4BCA16D]
[16]  [0x00000000004014CD]
[17]  [0x000000000040151B]
[18] (BaseThreadInitThunk+0x14) [0x00007FFBC4531FE4]
[19] (RtlUserThreadStart+0x21) [0x00007FFBC6ABEF91]
Done
